<?xml version="1.0" encoding="UTF-8"?>
<!-- Generated by org.testng.reporters.JUnitReportReporter -->
<testsuite hostname="RUPRAJ" failures="0" tests="3" name="Runner.TestRunnerTestNG" time="19.173" errors="0" timestamp="2024-10-29T22:04:45 CDT" skipped="0">
  <testcase classname="Runner.TestRunnerTestNG" name="runScenario" time="12.172"/>
  <testcase classname="Runner.TestRunnerTestNG" name="runScenario" time="3.431"/>
  <testcase classname="Runner.TestRunnerTestNG" name="runScenario" time="3.570"/>
</testsuite> <!-- Runner.TestRunnerTestNG -->
